crystallised_in/build/app/intermediates/manifest_merge_blame_file/debug/manifest-merger-blame-debug-report.txt
1<?xml version="1.0" encoding="utf-8"?>
2<manifest xmlns:android="http://schemas.android.com/apk/res/android"
3    package="com.BlatTestSnowa"
4    android:versionCode="1"
5    android:versionName="1.0.0" >
6
7    <uses-sdk
8        android:minSdkVersion="21"
9        android:targetSdkVersion="34" />
10    <!--
11         Flutter needs it to communicate with the running application
12         to allow setting breakpoints, to provide hot reload, etc.
13    -->
14    <uses-permission android:name="android.permission.INTERNET" />
14-->src\main\AndroidManifest.xml:4:5-66
14-->src\main\AndroidManifest.xml:4:22-64
15    <uses-permission android:name="android.permission.ACCESS_FINE_LOCATION" />
15-->src\main\AndroidManifest.xml:5:5-78
15-->src\main\AndroidManifest.xml:5:22-76
16    <uses-permission android:name="android.permission.ACCESS_COARSE_LOCATION" />
16-->src\main\AndroidManifest.xml:6:5-80
16-->src\main\AndroidManifest.xml:6:22-78
17    <uses-permission android:name="android.permission.CAMERA" />
17-->src\main\AndroidManifest.xml:7:5-64
17-->src\main\AndroidManifest.xml:7:22-62
18    <uses-permission
18-->src\main\AndroidManifest.xml:8:5-106
19        android:name="android.permission.READ_EXTERNAL_STORAGE"
19-->src\main\AndroidManifest.xml:8:22-77
20        android:maxSdkVersion="32" />
20-->src\main\AndroidManifest.xml:8:78-104
21    <uses-permission
21-->src\main\AndroidManifest.xml:9:5-107
22        android:name="android.permission.WRITE_EXTERNAL_STORAGE"
22-->src\main\AndroidManifest.xml:9:22-78
23        android:maxSdkVersion="32" />
23-->src\main\AndroidManifest.xml:9:79-105
24    <uses-permission android:name="android.permission.READ_MEDIA_IMAGES" />
24-->src\main\AndroidManifest.xml:10:5-75
24-->src\main\AndroidManifest.xml:10:22-73
25    <uses-permission android:name="android.permission.READ_MEDIA_VIDEO" />
25-->src\main\AndroidManifest.xml:11:5-74
25-->src\main\AndroidManifest.xml:11:22-72
26    <uses-permission android:name="android.permission.RECORD_AUDIO" />
26-->src\main\AndroidManifest.xml:12:5-71
26-->src\main\AndroidManifest.xml:12:22-68
27    <uses-permission android:name="android.permission.POST_NOTIFICATIONS" />
27-->src\main\AndroidManifest.xml:14:5-76
27-->src\main\AndroidManifest.xml:14:22-74
28
29    <queries>
29-->[:file_picker] AndroidManifest.xml:13:5-19:15
30        <intent>
30-->[:file_picker] AndroidManifest.xml:14:9-18:18
31            <action android:name="android.intent.action.GET_CONTENT" />
31-->[:file_picker] AndroidManifest.xml:15:13-72
31-->[:file_picker] AndroidManifest.xml:15:21-69
32
33            <data android:mimeType="*/*" />
33-->src\main\AndroidManifest.xml:56:17-91
34        </intent>
35        <!-- Needs to be explicitly declared on Android R+ -->
36        <package android:name="com.google.android.apps.maps" />
36-->[com.google.android.gms:play-services-maps:18.2.0] AndroidManifest.xml:33:9-64
36-->[com.google.android.gms:play-services-maps:18.2.0] AndroidManifest.xml:33:18-61
37    </queries>
38
39    <uses-permission android:name="android.permission.ACCESS_NETWORK_STATE" />
39-->[com.google.firebase:firebase-auth:22.3.1] AndroidManifest.xml:26:5-79
39-->[com.google.firebase:firebase-auth:22.3.1] AndroidManifest.xml:26:22-76
40
41    <uses-feature
41-->[com.google.android.gms:play-services-maps:18.2.0] AndroidManifest.xml:26:5-28:35
42        android:glEsVersion="0x00020000"
42-->[com.google.android.gms:play-services-maps:18.2.0] AndroidManifest.xml:27:9-41
43        android:required="true" />
43-->[com.google.android.gms:play-services-maps:18.2.0] AndroidManifest.xml:28:9-32
44
45    <uses-permission android:name="android.permission.WAKE_LOCK" /> <!-- Required by older versions of Google Play services to create IID tokens -->
45-->[com.google.firebase:firebase-iid:21.1.0] AndroidManifest.xml:24:5-68
45-->[com.google.firebase:firebase-iid:21.1.0] AndroidManifest.xml:24:22-65
46    <uses-permission android:name="com.google.android.c2dm.permission.RECEIVE" />
46-->[com.google.firebase:firebase-iid:21.1.0] AndroidManifest.xml:26:5-82
46-->[com.google.firebase:firebase-iid:21.1.0] AndroidManifest.xml:26:22-79
47    <uses-permission android:name="com.google.android.providers.gsf.permission.READ_GSERVICES" />
47-->[com.google.android.recaptcha:recaptcha:18.4.0] AndroidManifest.xml:9:5-98
47-->[com.google.android.recaptcha:recaptcha:18.4.0] AndroidManifest.xml:9:22-95
48
49    <permission
49-->[androidx.core:core:1.13.1] AndroidManifest.xml:22:5-24:47
50        android:name="com.BlatTestSnowa.DYNAMIC_RECEIVER_NOT_EXPORTED_PERMISSION"
50-->[androidx.core:core:1.13.1] AndroidManifest.xml:23:9-81
51        android:protectionLevel="signature" />
51-->[androidx.core:core:1.13.1] AndroidManifest.xml:24:9-44
52
53    <uses-permission android:name="com.BlatTestSnowa.DYNAMIC_RECEIVER_NOT_EXPORTED_PERMISSION" />
53-->[androidx.core:core:1.13.1] AndroidManifest.xml:26:5-97
53-->[androidx.core:core:1.13.1] AndroidManifest.xml:26:22-94
54
55    <application
55-->src\main\AndroidManifest.xml:15:5-69:19
56        android:appComponentFactory="androidx.core.app.CoreComponentFactory"
56-->[androidx.core:core:1.13.1] AndroidManifest.xml:28:18-86
57        android:debuggable="true"
58        android:icon="@mipmap/ic_launcher"
58-->src\main\AndroidManifest.xml:18:9-43
59        android:label="CrystallisedIn "
59-->src\main\AndroidManifest.xml:16:9-40
60        android:requestLegacyExternalStorage="true" >
60-->src\main\AndroidManifest.xml:19:9-52
61        <activity
61-->src\main\AndroidManifest.xml:21:9-59:20
62            android:name="com.BlatTestSnowa.MainActivity"
62-->src\main\AndroidManifest.xml:22:13-41
63            android:configChanges="orientation|keyboardHidden|keyboard|screenSize|smallestScreenSize|locale|layoutDirection|fontScale|screenLayout|density|uiMode"
63-->src\main\AndroidManifest.xml:26:13-163
64            android:exported="true"
64-->src\main\AndroidManifest.xml:23:13-36
65            android:hardwareAccelerated="true"
65-->src\main\AndroidManifest.xml:27:13-47
66            android:launchMode="singleTop"
66-->src\main\AndroidManifest.xml:24:13-43
67            android:theme="@style/LaunchTheme"
67-->src\main\AndroidManifest.xml:25:13-47
68            android:windowSoftInputMode="adjustResize" >
68-->src\main\AndroidManifest.xml:28:13-55
69
70            <!--
71                 Specifies an Android theme to apply to this Activity as soon as
72                 the Android process has started. This theme is visible to the user
73                 while the Flutter UI initializes. After that, this theme continues
74                 to determine the Window background behind the Flutter UI.
75            -->
76            <meta-data
76-->src\main\AndroidManifest.xml:33:13-36:17
77                android:name="io.flutter.embedding.android.NormalTheme"
77-->src\main\AndroidManifest.xml:34:15-70
78                android:resource="@style/NormalTheme" />
78-->src\main\AndroidManifest.xml:35:15-52
79            <!--
80                 Displays an Android View that continues showing the launch screen
81                 Drawable until Flutter paints its first frame, then this splash
82                 screen fades out. A splash screen is useful to avoid any visual
83                 gap between the end of Android's launch screen and the painting of
84                 Flutter's first frame.
85            -->
86            <meta-data
86-->src\main\AndroidManifest.xml:42:13-45:17
87                android:name="io.flutter.embedding.android.SplashScreenDrawable"
87-->src\main\AndroidManifest.xml:43:15-79
88                android:resource="@drawable/launch_background" />
88-->src\main\AndroidManifest.xml:44:15-61
89
90            <intent-filter>
90-->src\main\AndroidManifest.xml:46:13-49:29
91                <action android:name="android.intent.action.MAIN" />
91-->src\main\AndroidManifest.xml:47:17-68
91-->src\main\AndroidManifest.xml:47:25-66
92
93                <category android:name="android.intent.category.LAUNCHER" />
93-->src\main\AndroidManifest.xml:48:17-76
93-->src\main\AndroidManifest.xml:48:27-74
94            </intent-filter>
95            <!-- Deep linking -->
96            <meta-data
96-->src\main\AndroidManifest.xml:51:13-90
97                android:name="flutter_deeplinking_enabled"
97-->src\main\AndroidManifest.xml:51:24-66
98                android:value="true" />
98-->src\main\AndroidManifest.xml:51:67-87
99
100            <intent-filter android:autoVerify="true" >
100-->src\main\AndroidManifest.xml:52:13-57:29
100-->src\main\AndroidManifest.xml:52:28-53
101                <action android:name="android.intent.action.VIEW" />
101-->src\main\AndroidManifest.xml:53:17-69
101-->src\main\AndroidManifest.xml:53:25-66
102
103                <category android:name="android.intent.category.DEFAULT" />
103-->src\main\AndroidManifest.xml:54:17-76
103-->src\main\AndroidManifest.xml:54:27-73
104                <category android:name="android.intent.category.BROWSABLE" />
104-->src\main\AndroidManifest.xml:55:17-78
104-->src\main\AndroidManifest.xml:55:27-75
105
106                <data
106-->src\main\AndroidManifest.xml:56:17-91
107                    android:host="crystallisedin.com"
107-->src\main\AndroidManifest.xml:56:55-88
108                    android:scheme="crystallisedin" />
108-->src\main\AndroidManifest.xml:56:23-54
109            </intent-filter>
110        </activity>
111
112        <!--
113             Don't delete the meta-data below.
114             This is used by the Flutter tool to generate GeneratedPluginRegistrant.java
115        -->
116        <meta-data
116-->src\main\AndroidManifest.xml:63:9-65:33
117            android:name="flutterEmbedding"
117-->src\main\AndroidManifest.xml:64:13-44
118            android:value="2" />
118-->src\main\AndroidManifest.xml:65:13-30
119        <meta-data
119-->src\main\AndroidManifest.xml:66:9-123
120            android:name="com.google.android.geo.API_KEY"
120-->src\main\AndroidManifest.xml:66:20-65
121            android:value="AIzaSyBUAVxY-glgVNo2NtXnMj_VM9LB2qvINyo" />
121-->src\main\AndroidManifest.xml:66:66-121
122
123        <service
123-->[:cloud_firestore] AndroidManifest.xml:10:9-14:19
124            android:name="com.google.firebase.components.ComponentDiscoveryService"
124-->[:cloud_firestore] AndroidManifest.xml:10:18-89
125            android:directBootAware="true"
125-->[com.google.firebase:firebase-common:20.4.3] AndroidManifest.xml:32:13-43
126            android:exported="false" >
126-->[com.google.firebase:firebase-crashlytics:18.6.3] AndroidManifest.xml:14:13-37
127            <meta-data
127-->[:cloud_firestore] AndroidManifest.xml:11:13-13:85
128                android:name="com.google.firebase.components:io.flutter.plugins.firebase.firestore.FlutterFirebaseFirestoreRegistrar"
128-->[:cloud_firestore] AndroidManifest.xml:12:17-134
129                android:value="com.google.firebase.components.ComponentRegistrar" />
129-->[:cloud_firestore] AndroidManifest.xml:13:17-82
130            <meta-data
130-->[:cloud_functions] AndroidManifest.xml:11:13-13:85
131                android:name="com.google.firebase.components:io.flutter.plugins.firebase.functions.FlutterFirebaseAppRegistrar"
131-->[:cloud_functions] AndroidManifest.xml:12:17-128
132                android:value="com.google.firebase.components.ComponentRegistrar" />
132-->[:cloud_functions] AndroidManifest.xml:13:17-82
133            <meta-data
133-->[:firebase_auth] AndroidManifest.xml:11:13-13:85
134                android:name="com.google.firebase.components:io.flutter.plugins.firebase.auth.FlutterFirebaseAuthRegistrar"
134-->[:firebase_auth] AndroidManifest.xml:12:17-124
135                android:value="com.google.firebase.components.ComponentRegistrar" />
135-->[:firebase_auth] AndroidManifest.xml:13:17-82
136            <meta-data
136-->[:firebase_crashlytics] AndroidManifest.xml:11:13-13:85
137                android:name="com.google.firebase.components:io.flutter.plugins.firebase.crashlytics.FlutterFirebaseAppRegistrar"
137-->[:firebase_crashlytics] AndroidManifest.xml:12:17-130
138                android:value="com.google.firebase.components.ComponentRegistrar" />
138-->[:firebase_crashlytics] AndroidManifest.xml:13:17-82
139            <meta-data
139-->[:firebase_performance] AndroidManifest.xml:13:13-15:85
140                android:name="com.google.firebase.components:io.flutter.plugins.firebase.performance.FlutterFirebaseAppRegistrar"
140-->[:firebase_performance] AndroidManifest.xml:14:17-130
141                android:value="com.google.firebase.components.ComponentRegistrar" />
141-->[:firebase_performance] AndroidManifest.xml:15:17-82
142            <meta-data
142-->[:firebase_storage] AndroidManifest.xml:11:13-13:85
143                android:name="com.google.firebase.components:io.flutter.plugins.firebase.storage.FlutterFirebaseAppRegistrar"
143-->[:firebase_storage] AndroidManifest.xml:12:17-126
144                android:value="com.google.firebase.components.ComponentRegistrar" />
144-->[:firebase_storage] AndroidManifest.xml:13:17-82
145            <meta-data
145-->[:firebase_core] AndroidManifest.xml:11:13-13:85
146                android:name="com.google.firebase.components:io.flutter.plugins.firebase.core.FlutterFirebaseCoreRegistrar"
146-->[:firebase_core] AndroidManifest.xml:12:17-124
147                android:value="com.google.firebase.components.ComponentRegistrar" />
147-->[:firebase_core] AndroidManifest.xml:13:17-82
148            <meta-data
148-->[com.google.firebase:firebase-crashlytics:18.6.3] AndroidManifest.xml:15:13-17:85
149                android:name="com.google.firebase.components:com.google.firebase.crashlytics.FirebaseCrashlyticsKtxRegistrar"
149-->[com.google.firebase:firebase-crashlytics:18.6.3] AndroidManifest.xml:16:17-126
150                android:value="com.google.firebase.components.ComponentRegistrar" />
150-->[com.google.firebase:firebase-crashlytics:18.6.3] AndroidManifest.xml:17:17-82
151            <meta-data
151-->[com.google.firebase:firebase-crashlytics:18.6.3] AndroidManifest.xml:18:13-20:85
152                android:name="com.google.firebase.components:com.google.firebase.crashlytics.CrashlyticsRegistrar"
152-->[com.google.firebase:firebase-crashlytics:18.6.3] AndroidManifest.xml:19:17-115
153                android:value="com.google.firebase.components.ComponentRegistrar" />
153-->[com.google.firebase:firebase-crashlytics:18.6.3] AndroidManifest.xml:20:17-82
154            <meta-data
154-->[com.google.firebase:firebase-perf:20.5.2] AndroidManifest.xml:14:13-16:85
155                android:name="com.google.firebase.components:com.google.firebase.perf.FirebasePerfKtxRegistrar"
155-->[com.google.firebase:firebase-perf:20.5.2] AndroidManifest.xml:15:17-112
156                android:value="com.google.firebase.components.ComponentRegistrar" />
156-->[com.google.firebase:firebase-perf:20.5.2] AndroidManifest.xml:16:17-82
157            <meta-data
157-->[com.google.firebase:firebase-perf:20.5.2] AndroidManifest.xml:17:13-19:85
158                android:name="com.google.firebase.components:com.google.firebase.perf.FirebasePerfRegistrar"
158-->[com.google.firebase:firebase-perf:20.5.2] AndroidManifest.xml:18:17-109
159                android:value="com.google.firebase.components.ComponentRegistrar" />
159-->[com.google.firebase:firebase-perf:20.5.2] AndroidManifest.xml:19:17-82
160            <meta-data
160-->[com.google.firebase:firebase-auth:22.3.1] AndroidManifest.xml:69:13-71:85
161                android:name="com.google.firebase.components:com.google.firebase.auth.FirebaseAuthRegistrar"
161-->[com.google.firebase:firebase-auth:22.3.1] AndroidManifest.xml:70:17-109
162                android:value="com.google.firebase.components.ComponentRegistrar" />
162-->[com.google.firebase:firebase-auth:22.3.1] AndroidManifest.xml:71:17-82
163            <meta-data
163-->[com.google.firebase:firebase-functions:20.4.0] AndroidManifest.xml:15:13-17:85
164                android:name="com.google.firebase.components:com.google.firebase.functions.FirebaseFunctionsKtxRegistrar"
164-->[com.google.firebase:firebase-functions:20.4.0] AndroidManifest.xml:16:17-122
165                android:value="com.google.firebase.components.ComponentRegistrar" />
165-->[com.google.firebase:firebase-functions:20.4.0] AndroidManifest.xml:17:17-82
166            <meta-data
166-->[com.google.firebase:firebase-functions:20.4.0] AndroidManifest.xml:18:13-20:85
167                android:name="com.google.firebase.components:com.google.firebase.functions.FunctionsRegistrar"
167-->[com.google.firebase:firebase-functions:20.4.0] AndroidManifest.xml:19:17-111
168                android:value="com.google.firebase.components.ComponentRegistrar" />
168-->[com.google.firebase:firebase-functions:20.4.0] AndroidManifest.xml:20:17-82
169            <meta-data
169-->[com.google.firebase:firebase-firestore:24.11.0] AndroidManifest.xml:17:13-19:85
170                android:name="com.google.firebase.components:com.google.firebase.firestore.FirebaseFirestoreKtxRegistrar"
170-->[com.google.firebase:firebase-firestore:24.11.0] AndroidManifest.xml:18:17-122
171                android:value="com.google.firebase.components.ComponentRegistrar" />
171-->[com.google.firebase:firebase-firestore:24.11.0] AndroidManifest.xml:19:17-82
172            <meta-data
172-->[com.google.firebase:firebase-firestore:24.11.0] AndroidManifest.xml:20:13-22:85
173                android:name="com.google.firebase.components:com.google.firebase.firestore.FirestoreRegistrar"
173-->[com.google.firebase:firebase-firestore:24.11.0] AndroidManifest.xml:21:17-111
174                android:value="com.google.firebase.components.ComponentRegistrar" />
174-->[com.google.firebase:firebase-firestore:24.11.0] AndroidManifest.xml:22:17-82
175            <meta-data
175-->[com.google.firebase:firebase-storage:20.3.0] AndroidManifest.xml:30:13-32:85
176                android:name="com.google.firebase.components:com.google.firebase.storage.FirebaseStorageKtxRegistrar"
176-->[com.google.firebase:firebase-storage:20.3.0] AndroidManifest.xml:31:17-118
177                android:value="com.google.firebase.components.ComponentRegistrar" />
177-->[com.google.firebase:firebase-storage:20.3.0] AndroidManifest.xml:32:17-82
178            <meta-data
178-->[com.google.firebase:firebase-storage:20.3.0] AndroidManifest.xml:33:13-35:85
179                android:name="com.google.firebase.components:com.google.firebase.storage.StorageRegistrar"
179-->[com.google.firebase:firebase-storage:20.3.0] AndroidManifest.xml:34:17-107
180                android:value="com.google.firebase.components.ComponentRegistrar" />
180-->[com.google.firebase:firebase-storage:20.3.0] AndroidManifest.xml:35:17-82
181            <meta-data
181-->[com.google.firebase:firebase-appcheck:17.1.2] AndroidManifest.xml:25:13-27:85
182                android:name="com.google.firebase.components:com.google.firebase.appcheck.FirebaseAppCheckKtxRegistrar"
182-->[com.google.firebase:firebase-appcheck:17.1.2] AndroidManifest.xml:26:17-120
183                android:value="com.google.firebase.components.ComponentRegistrar" />
183-->[com.google.firebase:firebase-appcheck:17.1.2] AndroidManifest.xml:27:17-82
184            <meta-data
184-->[com.google.firebase:firebase-appcheck:17.1.2] AndroidManifest.xml:28:13-30:85
185                android:name="com.google.firebase.components:com.google.firebase.appcheck.FirebaseAppCheckRegistrar"
185-->[com.google.firebase:firebase-appcheck:17.1.2] AndroidManifest.xml:29:17-117
186                android:value="com.google.firebase.components.ComponentRegistrar" />
186-->[com.google.firebase:firebase-appcheck:17.1.2] AndroidManifest.xml:30:17-82
187            <meta-data
187-->[com.google.firebase:firebase-config:21.6.3] AndroidManifest.xml:29:13-31:85
188                android:name="com.google.firebase.components:com.google.firebase.remoteconfig.FirebaseRemoteConfigKtxRegistrar"
188-->[com.google.firebase:firebase-config:21.6.3] AndroidManifest.xml:30:17-128
189                android:value="com.google.firebase.components.ComponentRegistrar" />
189-->[com.google.firebase:firebase-config:21.6.3] AndroidManifest.xml:31:17-82
190            <meta-data
190-->[com.google.firebase:firebase-config:21.6.3] AndroidManifest.xml:32:13-34:85
191                android:name="com.google.firebase.components:com.google.firebase.remoteconfig.RemoteConfigRegistrar"
191-->[com.google.firebase:firebase-config:21.6.3] AndroidManifest.xml:33:17-117
192                android:value="com.google.firebase.components.ComponentRegistrar" />
192-->[com.google.firebase:firebase-config:21.6.3] AndroidManifest.xml:34:17-82
193            <meta-data
193-->[com.google.firebase:firebase-iid:21.1.0] AndroidManifest.xml:32:13-34:85
194                android:name="com.google.firebase.components:com.google.firebase.iid.Registrar"
194-->[com.google.firebase:firebase-iid:21.1.0] AndroidManifest.xml:33:17-96
195                android:value="com.google.firebase.components.ComponentRegistrar" />
195-->[com.google.firebase:firebase-iid:21.1.0] AndroidManifest.xml:34:17-82
196            <meta-data
196-->[com.google.firebase:firebase-sessions:1.2.3] AndroidManifest.xml:29:13-31:85
197                android:name="com.google.firebase.components:com.google.firebase.sessions.FirebaseSessionsRegistrar"
197-->[com.google.firebase:firebase-sessions:1.2.3] AndroidManifest.xml:30:17-117
198                android:value="com.google.firebase.components.ComponentRegistrar" />
198-->[com.google.firebase:firebase-sessions:1.2.3] AndroidManifest.xml:31:17-82
199            <meta-data
199-->[com.google.firebase:firebase-installations:17.2.0] AndroidManifest.xml:15:13-17:85
200                android:name="com.google.firebase.components:com.google.firebase.installations.FirebaseInstallationsKtxRegistrar"
200-->[com.google.firebase:firebase-installations:17.2.0] AndroidManifest.xml:16:17-130
201                android:value="com.google.firebase.components.ComponentRegistrar" />
201-->[com.google.firebase:firebase-installations:17.2.0] AndroidManifest.xml:17:17-82
202            <meta-data
202-->[com.google.firebase:firebase-installations:17.2.0] AndroidManifest.xml:18:13-20:85
203                android:name="com.google.firebase.components:com.google.firebase.installations.FirebaseInstallationsRegistrar"
203-->[com.google.firebase:firebase-installations:17.2.0] AndroidManifest.xml:19:17-127
204                android:value="com.google.firebase.components.ComponentRegistrar" />
204-->[com.google.firebase:firebase-installations:17.2.0] AndroidManifest.xml:20:17-82
205            <meta-data
205-->[com.google.firebase:firebase-common-ktx:20.4.3] AndroidManifest.xml:12:13-14:85
206                android:name="com.google.firebase.components:com.google.firebase.ktx.FirebaseCommonLegacyRegistrar"
206-->[com.google.firebase:firebase-common-ktx:20.4.3] AndroidManifest.xml:13:17-116
207                android:value="com.google.firebase.components.ComponentRegistrar" />
207-->[com.google.firebase:firebase-common-ktx:20.4.3] AndroidManifest.xml:14:17-82
208            <meta-data
208-->[com.google.firebase:firebase-common:20.4.3] AndroidManifest.xml:35:13-37:85
209                android:name="com.google.firebase.components:com.google.firebase.FirebaseCommonKtxRegistrar"
209-->[com.google.firebase:firebase-common:20.4.3] AndroidManifest.xml:36:17-109
210                android:value="com.google.firebase.components.ComponentRegistrar" />
210-->[com.google.firebase:firebase-common:20.4.3] AndroidManifest.xml:37:17-82
211            <meta-data
211-->[com.google.firebase:firebase-abt:21.1.1] AndroidManifest.xml:12:13-14:85
212                android:name="com.google.firebase.components:com.google.firebase.abt.component.AbtRegistrar"
212-->[com.google.firebase:firebase-abt:21.1.1] AndroidManifest.xml:13:17-109
213                android:value="com.google.firebase.components.ComponentRegistrar" />
213-->[com.google.firebase:firebase-abt:21.1.1] AndroidManifest.xml:14:17-82
214            <meta-data
214-->[com.google.firebase:firebase-datatransport:18.1.8] AndroidManifest.xml:27:13-29:85
215                android:name="com.google.firebase.components:com.google.firebase.datatransport.TransportRegistrar"
215-->[com.google.firebase:firebase-datatransport:18.1.8] AndroidManifest.xml:28:17-115
216                android:value="com.google.firebase.components.ComponentRegistrar" />
216-->[com.google.firebase:firebase-datatransport:18.1.8] AndroidManifest.xml:29:17-82
217        </service>
218
219        <provider
219-->[:image_picker_android] AndroidManifest.xml:10:9-18:20
220            android:name="io.flutter.plugins.imagepicker.ImagePickerFileProvider"
220-->[:image_picker_android] AndroidManifest.xml:11:13-82
221            android:authorities="com.BlatTestSnowa.flutter.image_provider"
221-->[:image_picker_android] AndroidManifest.xml:12:13-74
222            android:exported="false"
222-->[:image_picker_android] AndroidManifest.xml:13:13-37
223            android:grantUriPermissions="true" >
223-->[:image_picker_android] AndroidManifest.xml:14:13-47
224            <meta-data
224-->[:image_picker_android] AndroidManifest.xml:15:13-17:75
225                android:name="android.support.FILE_PROVIDER_PATHS"
225-->[:image_picker_android] AndroidManifest.xml:16:17-67
226                android:resource="@xml/flutter_image_picker_file_paths" />
226-->[:image_picker_android] AndroidManifest.xml:17:17-72
227        </provider>
228
229        <service
229-->[:geolocator_android] AndroidManifest.xml:10:9-14:56
230            android:name="com.baseflow.geolocator.GeolocatorLocationService"
230-->[:geolocator_android] AndroidManifest.xml:11:13-77
231            android:enabled="true"
231-->[:geolocator_android] AndroidManifest.xml:12:13-35
232            android:exported="false"
232-->[:geolocator_android] AndroidManifest.xml:13:13-37
233            android:foregroundServiceType="location" />
233-->[:geolocator_android] AndroidManifest.xml:14:13-53
234        <service
234-->[:location] AndroidManifest.xml:13:9-17:56
235            android:name="com.lyokone.location.FlutterLocationService"
235-->[:location] AndroidManifest.xml:14:13-71
236            android:enabled="true"
236-->[:location] AndroidManifest.xml:15:13-35
237            android:exported="false"
237-->[:location] AndroidManifest.xml:16:13-37
238            android:foregroundServiceType="location" />
238-->[:location] AndroidManifest.xml:17:13-53
239
240        <provider
240-->[:share] AndroidManifest.xml:10:9-18:20
241            android:name="io.flutter.plugins.share.ShareFileProvider"
241-->[:share] AndroidManifest.xml:11:13-70
242            android:authorities="com.BlatTestSnowa.flutter.share_provider"
242-->[:share] AndroidManifest.xml:12:13-74
243            android:exported="false"
243-->[:share] AndroidManifest.xml:13:13-37
244            android:grantUriPermissions="true" >
244-->[:share] AndroidManifest.xml:14:13-47
245            <meta-data
245-->[:image_picker_android] AndroidManifest.xml:15:13-17:75
246                android:name="android.support.FILE_PROVIDER_PATHS"
246-->[:image_picker_android] AndroidManifest.xml:16:17-67
247                android:resource="@xml/flutter_share_file_paths" />
247-->[:image_picker_android] AndroidManifest.xml:17:17-72
248        </provider>
249
250        <activity
250-->[:url_launcher_android] AndroidManifest.xml:10:9-13:74
251            android:name="io.flutter.plugins.urllauncher.WebViewActivity"
251-->[:url_launcher_android] AndroidManifest.xml:11:13-74
252            android:exported="false"
252-->[:url_launcher_android] AndroidManifest.xml:12:13-37
253            android:theme="@android:style/Theme.NoTitleBar.Fullscreen" />
253-->[:url_launcher_android] AndroidManifest.xml:13:13-71
254        <activity
254-->[com.google.firebase:firebase-auth:22.3.1] AndroidManifest.xml:29:9-46:20
255            android:name="com.google.firebase.auth.internal.GenericIdpActivity"
255-->[com.google.firebase:firebase-auth:22.3.1] AndroidManifest.xml:30:13-80
256            android:excludeFromRecents="true"
256-->[com.google.firebase:firebase-auth:22.3.1] AndroidManifest.xml:31:13-46
257            android:exported="true"
257-->[com.google.firebase:firebase-auth:22.3.1] AndroidManifest.xml:32:13-36
258            android:launchMode="singleTask"
258-->[com.google.firebase:firebase-auth:22.3.1] AndroidManifest.xml:33:13-44
259            android:theme="@android:style/Theme.Translucent.NoTitleBar" >
259-->[com.google.firebase:firebase-auth:22.3.1] AndroidManifest.xml:34:13-72
260            <intent-filter>
260-->[com.google.firebase:firebase-auth:22.3.1] AndroidManifest.xml:35:13-45:29
261                <action android:name="android.intent.action.VIEW" />
261-->src\main\AndroidManifest.xml:53:17-69
261-->src\main\AndroidManifest.xml:53:25-66
262
263                <category android:name="android.intent.category.DEFAULT" />
263-->src\main\AndroidManifest.xml:54:17-76
263-->src\main\AndroidManifest.xml:54:27-73
264                <category android:name="android.intent.category.BROWSABLE" />
264-->src\main\AndroidManifest.xml:55:17-78
264-->src\main\AndroidManifest.xml:55:27-75
265
266                <data
266-->src\main\AndroidManifest.xml:56:17-91
267                    android:host="firebase.auth"
267-->src\main\AndroidManifest.xml:56:55-88
268                    android:path="/"
269                    android:scheme="genericidp" />
269-->src\main\AndroidManifest.xml:56:23-54
270            </intent-filter>
271        </activity>
272        <activity
272-->[com.google.firebase:firebase-auth:22.3.1] AndroidManifest.xml:47:9-64:20
273            android:name="com.google.firebase.auth.internal.RecaptchaActivity"
273-->[com.google.firebase:firebase-auth:22.3.1] AndroidManifest.xml:48:13-79
274            android:excludeFromRecents="true"